{"/Users/danier/React-ejercicios/02-first-steps/src/FirstStepsApp.tsx": {"path":"/Users/danier/React-ejercicios/02-first-steps/src/FirstStepsApp.tsx","statementMap":{"0":{"start":{"line":8,"column":34},"end":{"line":12,"column":null}},"1":{"start":{"line":15,"column":4},"end":{"line":28,"column":null}},"2":{"start":{"line":24,"column":20},"end":{"line":24,"column":null}}},"fnMap":{"0":{"name":"FirstStepsApp","decl":{"start":{"line":14,"column":16},"end":{"line":14,"column":32}},"loc":{"start":{"line":14,"column":32},"end":{"line":30,"column":null}},"line":14},"1":{"name":"(anonymous_1)","decl":{"start":{"line":23,"column":28},"end":{"line":23,"column":33}},"loc":{"start":{"line":24,"column":20},"end":{"line":24,"column":null}},"line":24}},"branchMap":{},"s":{"0":1,"1":3,"2":9},"f":{"0":3,"1":9},"b":{},"meta":{"lastBranch":0,"lastFunction":2,"lastStatement":3,"seen":{"s:8:34:12:Infinity":0,"f:14:16:14:32":0,"s:15:4:28:Infinity":1,"f:23:28:23:33":1,"s:24:20:24:Infinity":2},"fnNames":{}}}
,"/Users/danier/React-ejercicios/02-first-steps/src/MyAwesomeApp.tsx": {"path":"/Users/danier/React-ejercicios/02-first-steps/src/MyAwesomeApp.tsx","statementMap":{"0":{"start":{"line":3,"column":13},"end":{"line":36,"column":null}},"1":{"start":{"line":5,"column":22},"end":{"line":5,"column":null}},"2":{"start":{"line":6,"column":21},"end":{"line":6,"column":null}},"3":{"start":{"line":8,"column":26},"end":{"line":8,"column":null}},"4":{"start":{"line":10,"column":21},"end":{"line":10,"column":null}},"5":{"start":{"line":12,"column":20},"end":{"line":15,"column":null}},"6":{"start":{"line":17,"column":36},"end":{"line":22,"column":null}},"7":{"start":{"line":24,"column":4},"end":{"line":35,"column":null}}},"fnMap":{"0":{"name":"(anonymous_0)","decl":{"start":{"line":3,"column":13},"end":{"line":3,"column":34}},"loc":{"start":{"line":3,"column":34},"end":{"line":36,"column":null}},"line":3}},"branchMap":{"0":{"loc":{"start":{"line":31,"column":13},"end":{"line":31,"column":51}},"type":"cond-expr","locations":[{"start":{"line":31,"column":24},"end":{"line":31,"column":35}},{"start":{"line":31,"column":35},"end":{"line":31,"column":51}}],"line":31}},"s":{"0":1,"1":3,"2":3,"3":3,"4":3,"5":3,"6":3,"7":3},"f":{"0":3},"b":{"0":[0,3]},"meta":{"lastBranch":1,"lastFunction":1,"lastStatement":8,"seen":{"s:3:13:36:Infinity":0,"f:3:13:3:34":0,"s:5:22:5:Infinity":1,"s:6:21:6:Infinity":2,"s:8:26:8:Infinity":3,"s:10:21:10:Infinity":4,"s:12:20:15:Infinity":5,"s:17:36:22:Infinity":6,"s:24:4:35:Infinity":7,"b:31:24:31:35:31:35:31:51":0},"fnNames":{}}}
,"/Users/danier/React-ejercicios/02-first-steps/src/helpers/math.helper.ts": {"path":"/Users/danier/React-ejercicios/02-first-steps/src/helpers/math.helper.ts","statementMap":{"0":{"start":{"line":1,"column":13},"end":{"line":3,"column":null}},"1":{"start":{"line":2,"column":4},"end":{"line":2,"column":null}},"2":{"start":{"line":5,"column":13},"end":{"line":7,"column":null}},"3":{"start":{"line":6,"column":4},"end":{"line":6,"column":null}},"4":{"start":{"line":9,"column":13},"end":{"line":11,"column":null}},"5":{"start":{"line":10,"column":4},"end":{"line":10,"column":null}},"6":{"start":{"line":13,"column":13},"end":{"line":15,"column":null}},"7":{"start":{"line":14,"column":4},"end":{"line":14,"column":null}}},"fnMap":{"0":{"name":"(anonymous_0)","decl":{"start":{"line":1,"column":13},"end":{"line":1,"column":20}},"loc":{"start":{"line":1,"column":45},"end":{"line":3,"column":null}},"line":1},"1":{"name":"(anonymous_1)","decl":{"start":{"line":5,"column":13},"end":{"line":5,"column":25}},"loc":{"start":{"line":5,"column":50},"end":{"line":7,"column":null}},"line":5},"2":{"name":"(anonymous_2)","decl":{"start":{"line":9,"column":13},"end":{"line":9,"column":25}},"loc":{"start":{"line":9,"column":50},"end":{"line":11,"column":null}},"line":9},"3":{"name":"(anonymous_3)","decl":{"start":{"line":13,"column":13},"end":{"line":13,"column":23}},"loc":{"start":{"line":13,"column":48},"end":{"line":15,"column":null}},"line":13}},"branchMap":{},"s":{"0":1,"1":1,"2":1,"3":1,"4":1,"5":1,"6":1,"7":0},"f":{"0":1,"1":1,"2":1,"3":0},"b":{},"meta":{"lastBranch":0,"lastFunction":4,"lastStatement":8,"seen":{"s:1:13:3:Infinity":0,"f:1:13:1:20":0,"s:2:4:2:Infinity":1,"s:5:13:7:Infinity":2,"f:5:13:5:25":1,"s:6:4:6:Infinity":3,"s:9:13:11:Infinity":4,"f:9:13:9:25":2,"s:10:4:10:Infinity":5,"s:13:13:15:Infinity":6,"f:13:13:13:23":3,"s:14:4:14:Infinity":7},"fnNames":{}}}
,"/Users/danier/React-ejercicios/02-first-steps/src/shopping-cart/ItemCounter.module.css": {"path":"/Users/danier/React-ejercicios/02-first-steps/src/shopping-cart/ItemCounter.module.css","statementMap":{},"fnMap":{},"branchMap":{},"s":{},"f":{},"b":{},"meta":{"lastBranch":0,"lastFunction":0,"lastStatement":0,"seen":{},"fnNames":{}}}
,"/Users/danier/React-ejercicios/02-first-steps/src/shopping-cart/ItemCounter.tsx": {"path":"/Users/danier/React-ejercicios/02-first-steps/src/shopping-cart/ItemCounter.tsx","statementMap":{"0":{"start":{"line":14,"column":13},"end":{"line":48,"column":null}},"1":{"start":{"line":16,"column":30},"end":{"line":16,"column":null}},"2":{"start":{"line":22,"column":10},"end":{"line":24,"column":null}},"3":{"start":{"line":23,"column":8},"end":{"line":23,"column":null}},"4":{"start":{"line":26,"column":10},"end":{"line":29,"column":null}},"5":{"start":{"line":27,"column":8},"end":{"line":27,"column":null}},"6":{"start":{"line":27,"column":24},"end":{"line":27,"column":null}},"7":{"start":{"line":28,"column":8},"end":{"line":28,"column":null}},"8":{"start":{"line":31,"column":4},"end":{"line":46,"column":null}}},"fnMap":{"0":{"name":"(anonymous_0)","decl":{"start":{"line":14,"column":13},"end":{"line":14,"column":28}},"loc":{"start":{"line":14,"column":62},"end":{"line":48,"column":null}},"line":14},"1":{"name":"(anonymous_1)","decl":{"start":{"line":22,"column":10},"end":{"line":22,"column":28}},"loc":{"start":{"line":22,"column":28},"end":{"line":24,"column":null}},"line":22},"2":{"name":"(anonymous_2)","decl":{"start":{"line":26,"column":10},"end":{"line":26,"column":33}},"loc":{"start":{"line":26,"column":33},"end":{"line":29,"column":null}},"line":26}},"branchMap":{"0":{"loc":{"start":{"line":14,"column":36},"end":{"line":14,"column":62}},"type":"default-arg","locations":[{"start":{"line":14,"column":47},"end":{"line":14,"column":62}}],"line":14},"1":{"loc":{"start":{"line":27,"column":8},"end":{"line":27,"column":null}},"type":"if","locations":[{"start":{"line":27,"column":8},"end":{"line":27,"column":null}},{"start":{},"end":{}}],"line":27},"2":{"loc":{"start":{"line":37,"column":27},"end":{"line":37,"column":null}},"type":"cond-expr","locations":[{"start":{"line":37,"column":40},"end":{"line":37,"column":48}},{"start":{"line":37,"column":48},"end":{"line":37,"column":null}}],"line":37}},"s":{"0":1,"1":5,"2":5,"3":1,"4":5,"5":1,"6":1,"7":0,"8":5},"f":{"0":5,"1":1,"2":1},"b":{"0":[5],"1":[1,0],"2":[4,1]},"meta":{"lastBranch":3,"lastFunction":3,"lastStatement":9,"seen":{"s:14:13:48:Infinity":0,"f:14:13:14:28":0,"b:14:47:14:62":0,"s:16:30:16:Infinity":1,"s:22:10:24:Infinity":2,"f:22:10:22:28":1,"s:23:8:23:Infinity":3,"s:26:10:29:Infinity":4,"f:26:10:26:33":2,"b:27:8:27:Infinity:undefined:undefined:undefined:undefined":1,"s:27:8:27:Infinity":5,"s:27:24:27:Infinity":6,"s:28:8:28:Infinity":7,"s:31:4:46:Infinity":8,"b:37:40:37:48:37:48:37:Infinity":2},"fnNames":{}}}
}
